[Tue Aug 23 20:39:53.186] [main] - Starting SearchControllerTest on NG00200830 with PID 34820 (started by eolaafo in C:\Users\eolaafo\Documents\play\spring-boot\form-submit)
[Tue Aug 23 20:39:53.203] [main] - Running with Spring Boot v1.4.0.RELEASE, Spring v4.3.2.RELEASE
[Tue Aug 23 20:39:53.204] [main] - No active profile set, falling back to default profiles: default
[Tue Aug 23 20:40:02.402] [main] - Started SearchControllerTest in 10.08 seconds (JVM running for 11.571)
[Tue Aug 23 20:41:01.375] [main] - Starting SearchControllerTest on NG00200830 with PID 42076 (started by eolaafo in C:\Users\eolaafo\Documents\play\spring-boot\form-submit)
[Tue Aug 23 20:41:01.376] [main] - Running with Spring Boot v1.4.0.RELEASE, Spring v4.3.2.RELEASE
[Tue Aug 23 20:41:01.377] [main] - No active profile set, falling back to default profiles: default
[Tue Aug 23 20:41:09.825] [main] - Started SearchControllerTest in 9.262 seconds (JVM running for 10.575)
[Tue Aug 23 20:42:15.792] [Test worker] - Starting HomeControllersTest on NG00200830 with PID 45780 (started by eolaafo in C:\Users\eolaafo\Documents\play\spring-boot\form-submit)
[Tue Aug 23 20:42:15.792] [Test worker] - Running with Spring Boot v1.4.0.RELEASE, Spring v4.3.2.RELEASE
[Tue Aug 23 20:42:15.793] [Test worker] - No active profile set, falling back to default profiles: default
[Tue Aug 23 20:42:28.691] [Test worker] - Started HomeControllersTest in 14.195 seconds (JVM running for 16.778)
[Tue Aug 23 20:42:29.524] [Test worker] - Starting SearchControllerTest on NG00200830 with PID 45780 (started by eolaafo in C:\Users\eolaafo\Documents\play\spring-boot\form-submit)
[Tue Aug 23 20:42:29.525] [Test worker] - Running with Spring Boot v1.4.0.RELEASE, Spring v4.3.2.RELEASE
[Tue Aug 23 20:42:29.525] [Test worker] - No active profile set, falling back to default profiles: default
[Tue Aug 23 20:42:33.256] [Test worker] - Started SearchControllerTest in 3.853 seconds (JVM running for 21.342)
[Tue Aug 23 20:43:23.973] [Test worker] - Starting HomeControllersTest on NG00200830 with PID 43956 (started by eolaafo in C:\Users\eolaafo\Documents\play\spring-boot\form-submit)
[Tue Aug 23 20:43:23.974] [Test worker] - Running with Spring Boot v1.4.0.RELEASE, Spring v4.3.2.RELEASE
[Tue Aug 23 20:43:23.974] [Test worker] - No active profile set, falling back to default profiles: default
[Tue Aug 23 20:43:33.356] [Test worker] - Started HomeControllersTest in 10.382 seconds (JVM running for 12.45)
[Tue Aug 23 20:47:18.683] [Test worker] - Starting HomeControllersTest on NG00200830 with PID 36636 (started by eolaafo in C:\Users\eolaafo\Documents\play\spring-boot\form-submit)
[Tue Aug 23 20:47:18.683] [Test worker] - Running with Spring Boot v1.4.0.RELEASE, Spring v4.3.2.RELEASE
[Tue Aug 23 20:47:18.684] [Test worker] - No active profile set, falling back to default profiles: default
[Tue Aug 23 20:47:28.017] [Test worker] - Started HomeControllersTest in 10.45 seconds (JVM running for 12.492)
[Tue Aug 23 20:51:14.594] [Test worker] - Starting HomeControllersTest on NG00200830 with PID 44076 (started by eolaafo in C:\Users\eolaafo\Documents\play\spring-boot\form-submit)
[Tue Aug 23 20:51:14.595] [Test worker] - Running with Spring Boot v1.4.0.RELEASE, Spring v4.3.2.RELEASE
[Tue Aug 23 20:51:14.595] [Test worker] - No active profile set, falling back to default profiles: default
[Tue Aug 23 20:51:23.973] [Test worker] - Started HomeControllersTest in 10.556 seconds (JVM running for 12.597)
[Tue Aug 23 20:54:54.599] [Test worker] - Starting HomeControllersTest on NG00200830 with PID 46712 (started by eolaafo in C:\Users\eolaafo\Documents\play\spring-boot\form-submit)
[Tue Aug 23 20:54:54.600] [Test worker] - Running with Spring Boot v1.4.0.RELEASE, Spring v4.3.2.RELEASE
[Tue Aug 23 20:54:54.601] [Test worker] - No active profile set, falling back to default profiles: default
[Tue Aug 23 20:55:03.645] [Test worker] - Started HomeControllersTest in 10.142 seconds (JVM running for 12.377)
[Tue Aug 23 21:01:02.425] [Test worker] - Starting HomeControllersTest on NG00200830 with PID 32992 (started by eolaafo in C:\Users\eolaafo\Documents\play\spring-boot\form-submit)
[Tue Aug 23 21:01:02.426] [Test worker] - Running with Spring Boot v1.4.0.RELEASE, Spring v4.3.2.RELEASE
[Tue Aug 23 21:01:02.426] [Test worker] - No active profile set, falling back to default profiles: default
[Tue Aug 23 21:01:12.939] [Test worker] - Started HomeControllersTest in 11.691 seconds (JVM running for 13.826)
[Tue Aug 23 21:01:47.635] [qtp1790585734-17] - displaying profile page
[Tue Aug 23 21:02:45.554] [Test worker] - Starting HomeControllersTest on NG00200830 with PID 32224 (started by eolaafo in C:\Users\eolaafo\Documents\play\spring-boot\form-submit)
[Tue Aug 23 21:02:45.555] [Test worker] - Running with Spring Boot v1.4.0.RELEASE, Spring v4.3.2.RELEASE
[Tue Aug 23 21:02:45.555] [Test worker] - No active profile set, falling back to default profiles: default
[Tue Aug 23 21:02:57.188] [Test worker] - Started HomeControllersTest in 12.807 seconds (JVM running for 15.095)
[Tue Aug 23 21:03:49.695] [qtp1525919705-26] - displaying profile page
[Tue Aug 23 21:04:34.527] [qtp1525919705-16] - displaying profile page
[Tue Aug 23 21:08:04.440] [Test worker] - Starting HomeControllersTest on NG00200830 with PID 43904 (started by eolaafo in C:\Users\eolaafo\Documents\play\spring-boot\form-submit)
[Tue Aug 23 21:08:04.440] [Test worker] - Running with Spring Boot v1.4.0.RELEASE, Spring v4.3.2.RELEASE
[Tue Aug 23 21:08:04.441] [Test worker] - No active profile set, falling back to default profiles: default
[Tue Aug 23 21:08:13.883] [Test worker] - Started HomeControllersTest in 10.446 seconds (JVM running for 12.62)
[Tue Aug 23 21:09:22.458] [qtp1202683709-26] - displaying profile page
[Tue Aug 23 21:09:37.751] [qtp1202683709-19] - displaying profile page
[Tue Aug 23 21:10:35.390] [Test worker] - Starting HomeControllersTest on NG00200830 with PID 38544 (started by eolaafo in C:\Users\eolaafo\Documents\play\spring-boot\form-submit)
[Tue Aug 23 21:10:35.401] [Test worker] - Running with Spring Boot v1.4.0.RELEASE, Spring v4.3.2.RELEASE
[Tue Aug 23 21:10:35.401] [Test worker] - No active profile set, falling back to default profiles: default
[Tue Aug 23 21:10:45.501] [Test worker] - Started HomeControllersTest in 11.209 seconds (JVM running for 13.611)
[Tue Aug 23 21:13:11.465] [Test worker] - Starting HomeControllersTest on NG00200830 with PID 32124 (started by eolaafo in C:\Users\eolaafo\Documents\play\spring-boot\form-submit)
[Tue Aug 23 21:13:11.466] [Test worker] - Running with Spring Boot v1.4.0.RELEASE, Spring v4.3.2.RELEASE
[Tue Aug 23 21:13:11.466] [Test worker] - No active profile set, falling back to default profiles: default
[Tue Aug 23 21:13:22.709] [Test worker] - Started HomeControllersTest in 12.327 seconds (JVM running for 14.455)
[Tue Aug 23 21:15:41.429] [Test worker] - Starting HomeControllersTest on NG00200830 with PID 44304 (started by eolaafo in C:\Users\eolaafo\Documents\play\spring-boot\form-submit)
[Tue Aug 23 21:15:41.430] [Test worker] - Running with Spring Boot v1.4.0.RELEASE, Spring v4.3.2.RELEASE
[Tue Aug 23 21:15:41.431] [Test worker] - No active profile set, falling back to default profiles: default
[Tue Aug 23 21:15:52.658] [Test worker] - Started HomeControllersTest in 12.524 seconds (JVM running for 14.677)
